<?xml version="1.0" encoding="utf-8"?>
<test-run id="2" name="Delegates.TreeTraversal.exe" fullname="D:/Учеба/DesignOfInformationSystems/Delegates.TreeTraversal.csproj/bin/Debug/Delegates.TreeTraversal.exe" testcasecount="3" result="Failed" start-time="2021-05-11 17:40:17Z" end-time="2021-05-11 17:40:17Z" duration="0.189018" total="3" passed="2" failed="1" inconclusive="0" skipped="0" asserts="2" random-seed="1757910074">
  <command-line><![CDATA["D:\Учеба\DesignOfInformationSystems\Delegates.TreeTraversal.csproj\bin\Debug\Delegates.TreeTraversal.exe"   ]]></command-line>
  <filter />
  <test-suite type="Assembly" id="1004" name="Delegates.TreeTraversal.exe" fullname="D:/Учеба/DesignOfInformationSystems/Delegates.TreeTraversal.csproj/bin/Debug/Delegates.TreeTraversal.exe" runstate="Runnable" testcasecount="3" result="Failed" site="Child" start-time="2021-05-11 17:40:17Z" end-time="2021-05-11 17:40:17Z" duration="0.189018" total="3" passed="2" failed="1" warnings="0" inconclusive="0" skipped="0" asserts="2">
    <environment framework-version="3.6.0.0" clr-version="4.0.30319.42000" os-version="Microsoft Windows NT 6.2.9200.0" platform="Win32NT" cwd="D:\Учеба\DesignOfInformationSystems\Delegates.TreeTraversal.csproj\bin\Debug" machine-name="DESKTOP-U60P5L1" user="user" user-domain="DESKTOP-U60P5L1" culture="ru-RU" uiculture="ru-RU" os-architecture="x86" />
    <settings>
      <setting name="WorkDirectory" value="D:\Учеба\DesignOfInformationSystems\Delegates.TreeTraversal.csproj\bin\Debug" />
      <setting name="NumberOfTestWorkers" value="12" />
    </settings>
    <properties>
      <property name="_PID" value="29428" />
      <property name="_APPDOMAIN" value="Delegates.TreeTraversal.exe" />
    </properties>
    <failure>
      <message><![CDATA[One or more child tests had errors]]></message>
    </failure>
    <test-suite type="TestSuite" id="1005" name="Delegates" fullname="Delegates" runstate="Runnable" testcasecount="3" result="Failed" site="Child" start-time="2021-05-11 17:40:17Z" end-time="2021-05-11 17:40:17Z" duration="0.158909" total="3" passed="2" failed="1" warnings="0" inconclusive="0" skipped="0" asserts="2">
      <failure>
        <message><![CDATA[One or more child tests had errors]]></message>
      </failure>
      <test-suite type="TestSuite" id="1006" name="TreeTraversal" fullname="Delegates.TreeTraversal" runstate="Runnable" testcasecount="3" result="Failed" site="Child" start-time="2021-05-11 17:40:17Z" end-time="2021-05-11 17:40:17Z" duration="0.127368" total="3" passed="2" failed="1" warnings="0" inconclusive="0" skipped="0" asserts="2">
        <failure>
          <message><![CDATA[One or more child tests had errors]]></message>
        </failure>
        <test-suite type="TestFixture" id="1000" name="Traversal_should" fullname="Delegates.TreeTraversal.Traversal_should" classname="Delegates.TreeTraversal.Traversal_should" runstate="Runnable" testcasecount="3" result="Failed" site="Child" start-time="2021-05-11 17:40:17Z" end-time="2021-05-11 17:40:17Z" duration="0.096639" total="3" passed="2" failed="1" warnings="0" inconclusive="0" skipped="0" asserts="2">
          <failure>
            <message><![CDATA[One or more child tests had errors]]></message>
          </failure>
          <test-case id="1001" name="GetBinaryTreeValues" fullname="Delegates.TreeTraversal.Traversal_should.GetBinaryTreeValues" methodname="GetBinaryTreeValues" classname="Delegates.TreeTraversal.Traversal_should" runstate="Runnable" seed="28725507" result="Passed" start-time="2021-05-11 17:40:17Z" end-time="2021-05-11 17:40:17Z" duration="0.012103" asserts="1" />
          <test-case id="1002" name="GetEndJobs" fullname="Delegates.TreeTraversal.Traversal_should.GetEndJobs" methodname="GetEndJobs" classname="Delegates.TreeTraversal.Traversal_should" runstate="Runnable" seed="922515271" result="Passed" start-time="2021-05-11 17:40:17Z" end-time="2021-05-11 17:40:17Z" duration="0.002828" asserts="1" />
          <test-case id="1003" name="GetProducts" fullname="Delegates.TreeTraversal.Traversal_should.GetProducts" methodname="GetProducts" classname="Delegates.TreeTraversal.Traversal_should" runstate="Runnable" seed="401115875" result="Failed" label="Error" start-time="2021-05-11 17:40:17Z" end-time="2021-05-11 17:40:17Z" duration="0.014176" asserts="0">
            <failure>
              <message><![CDATA[System.NotImplementedException : Метод или операция не реализована.]]></message>
              <stack-trace><![CDATA[   в Delegates.TreeTraversal.Traversal.GetProducts(ProductCategory root) в D:\Учеба\DesignOfInformationSystems\Delegates.TreeTraversal.csproj\Traversal.cs:строка 13
   в Delegates.TreeTraversal.Traversal_should.GetProducts() в D:\Учеба\DesignOfInformationSystems\Delegates.TreeTraversal.csproj\Traversal_should.cs:строка 129]]></stack-trace>
            </failure>
          </test-case>
        </test-suite>
      </test-suite>
    </test-suite>
  </test-suite>
</test-run>