<?xml version="1.0" encoding="utf-8"?>
<test-run id="2" name="Incapsulation.RationalNumbers.exe" fullname="D:/прога/ulearn/пис/Incapsulation.RationalNumbers.csproj/bin/Debug/Incapsulation.RationalNumbers.exe" testcasecount="48" result="Failed" start-time="2021-03-14 07:50:22Z" end-time="2021-03-14 07:50:31Z" duration="8.820110" total="48" passed="43" failed="5" inconclusive="0" skipped="0" asserts="79" random-seed="125941215">
  <command-line><![CDATA["D:\прога\ulearn\пис\Incapsulation.RationalNumbers.csproj\bin\Debug\Incapsulation.RationalNumbers.exe" ]]></command-line>
  <filter />
  <test-suite type="Assembly" id="1053" name="Incapsulation.RationalNumbers.exe" fullname="D:/прога/ulearn/пис/Incapsulation.RationalNumbers.csproj/bin/Debug/Incapsulation.RationalNumbers.exe" runstate="Runnable" testcasecount="48" result="Failed" site="Child" start-time="2021-03-14 07:50:22Z" end-time="2021-03-14 07:50:31Z" duration="8.820110" total="48" passed="43" failed="5" warnings="0" inconclusive="0" skipped="0" asserts="79">
    <environment framework-version="3.6.0.0" clr-version="4.0.30319.42000" os-version="Microsoft Windows NT 6.2.9200.0" platform="Win32NT" cwd="D:\прога\ulearn\пис\Incapsulation.RationalNumbers.csproj\bin\Debug" machine-name="DESKTOP-SVC8GHR" user="user" user-domain="DESKTOP-SVC8GHR" culture="ru-RU" uiculture="ru-RU" os-architecture="x86" />
    <settings>
      <setting name="WorkDirectory" value="D:\прога\ulearn\пис\Incapsulation.RationalNumbers.csproj\bin\Debug" />
      <setting name="NumberOfTestWorkers" value="8" />
    </settings>
    <properties>
      <property name="_PID" value="16736" />
      <property name="_APPDOMAIN" value="Incapsulation.RationalNumbers.exe" />
    </properties>
    <failure>
      <message><![CDATA[One or more child tests had errors]]></message>
    </failure>
    <test-suite type="TestSuite" id="1054" name="Incapsulation" fullname="Incapsulation" runstate="Runnable" testcasecount="48" result="Failed" site="Child" start-time="2021-03-14 07:50:22Z" end-time="2021-03-14 07:50:31Z" duration="8.807334" total="48" passed="43" failed="5" warnings="0" inconclusive="0" skipped="0" asserts="79">
      <failure>
        <message><![CDATA[One or more child tests had errors]]></message>
      </failure>
      <test-suite type="TestSuite" id="1055" name="RationalNumbers" fullname="Incapsulation.RationalNumbers" runstate="Runnable" testcasecount="48" result="Failed" site="Child" start-time="2021-03-14 07:50:22Z" end-time="2021-03-14 07:50:31Z" duration="8.803334" total="48" passed="43" failed="5" warnings="0" inconclusive="0" skipped="0" asserts="79">
        <failure>
          <message><![CDATA[One or more child tests had errors]]></message>
        </failure>
        <test-suite type="TestFixture" id="1000" name="Rational_should" fullname="Incapsulation.RationalNumbers.Rational_should" classname="Incapsulation.RationalNumbers.Rational_should" runstate="Runnable" testcasecount="48" result="Failed" site="Child" start-time="2021-03-14 07:50:22Z" end-time="2021-03-14 07:50:31Z" duration="8.798321" total="48" passed="43" failed="5" warnings="0" inconclusive="0" skipped="0" asserts="79">
          <failure>
            <message><![CDATA[One or more child tests had errors]]></message>
          </failure>
          <test-case id="1004" name="BeCorrectWithZeroNumerator" fullname="Incapsulation.RationalNumbers.Rational_should.BeCorrectWithZeroNumerator" methodname="BeCorrectWithZeroNumerator" classname="Incapsulation.RationalNumbers.Rational_should" runstate="Runnable" seed="1511833875" result="Passed" start-time="2021-03-14 07:50:22Z" end-time="2021-03-14 07:50:22Z" duration="0.013714" asserts="3" />
          <test-case id="1032" name="ConvertFromInt" fullname="Incapsulation.RationalNumbers.Rational_should.ConvertFromInt" methodname="ConvertFromInt" classname="Incapsulation.RationalNumbers.Rational_should" runstate="Runnable" seed="1082288625" result="Passed" start-time="2021-03-14 07:50:22Z" end-time="2021-03-14 07:50:22Z" duration="0.000316" asserts="3" />
          <test-suite type="ParameterizedMethod" id="1031" name="ConvertToDouble" fullname="Incapsulation.RationalNumbers.Rational_should.ConvertToDouble" classname="Incapsulation.RationalNumbers.Rational_should" runstate="Runnable" testcasecount="6" result="Passed" start-time="2021-03-14 07:50:22Z" end-time="2021-03-14 07:50:22Z" duration="0.029600" total="6" passed="6" failed="0" warnings="0" inconclusive="0" skipped="0" asserts="6">
            <test-case id="1025" name="ConvertToDouble(1,2,0.5d)" fullname="Incapsulation.RationalNumbers.Rational_should.ConvertToDouble(1,2,0.5d)" methodname="ConvertToDouble" classname="Incapsulation.RationalNumbers.Rational_should" runstate="Runnable" seed="273346625" result="Passed" start-time="2021-03-14 07:50:22Z" end-time="2021-03-14 07:50:22Z" duration="0.003044" asserts="1" />
            <test-case id="1026" name="ConvertToDouble(10,5,2.0d)" fullname="Incapsulation.RationalNumbers.Rational_should.ConvertToDouble(10,5,2.0d)" methodname="ConvertToDouble" classname="Incapsulation.RationalNumbers.Rational_should" runstate="Runnable" seed="1629305572" result="Passed" start-time="2021-03-14 07:50:22Z" end-time="2021-03-14 07:50:22Z" duration="0.000134" asserts="1" />
            <test-case id="1027" name="ConvertToDouble(-1,5,-0.2d)" fullname="Incapsulation.RationalNumbers.Rational_should.ConvertToDouble(-1,5,-0.2d)" methodname="ConvertToDouble" classname="Incapsulation.RationalNumbers.Rational_should" runstate="Runnable" seed="606612558" result="Passed" start-time="2021-03-14 07:50:22Z" end-time="2021-03-14 07:50:22Z" duration="0.000104" asserts="1" />
            <test-case id="1028" name="ConvertToDouble(10,0,double.NaN)" fullname="Incapsulation.RationalNumbers.Rational_should.ConvertToDouble(10,0,double.NaN)" methodname="ConvertToDouble" classname="Incapsulation.RationalNumbers.Rational_should" runstate="Runnable" seed="2043097821" result="Passed" start-time="2021-03-14 07:50:22Z" end-time="2021-03-14 07:50:22Z" duration="0.000121" asserts="1" />
            <test-case id="1029" name="ConvertToDouble(-10,0,double.NaN)" fullname="Incapsulation.RationalNumbers.Rational_should.ConvertToDouble(-10,0,double.NaN)" methodname="ConvertToDouble" classname="Incapsulation.RationalNumbers.Rational_should" runstate="Runnable" seed="1470058796" result="Passed" start-time="2021-03-14 07:50:22Z" end-time="2021-03-14 07:50:22Z" duration="0.000088" asserts="1" />
            <test-case id="1030" name="ConvertToDouble(0,0,double.NaN)" fullname="Incapsulation.RationalNumbers.Rational_should.ConvertToDouble(0,0,double.NaN)" methodname="ConvertToDouble" classname="Incapsulation.RationalNumbers.Rational_should" runstate="Runnable" seed="1089801289" result="Passed" start-time="2021-03-14 07:50:22Z" end-time="2021-03-14 07:50:22Z" duration="0.000114" asserts="1" />
          </test-suite>
          <test-case id="1022" name="Divide" fullname="Incapsulation.RationalNumbers.Rational_should.Divide" methodname="Divide" classname="Incapsulation.RationalNumbers.Rational_should" runstate="Runnable" seed="90524070" result="Passed" start-time="2021-03-14 07:50:22Z" end-time="2021-03-14 07:50:22Z" duration="0.000433" asserts="3" />
          <test-case id="1024" name="DivideToZero" fullname="Incapsulation.RationalNumbers.Rational_should.DivideToZero" methodname="DivideToZero" classname="Incapsulation.RationalNumbers.Rational_should" runstate="Runnable" seed="752067283" result="Failed" label="Error" start-time="2021-03-14 07:50:22Z" end-time="2021-03-14 07:50:25Z" duration="2.799014" asserts="0">
            <failure>
              <message><![CDATA[System.ArgumentException : Значение не попадает в ожидаемый диапазон.]]></message>
              <stack-trace><![CDATA[   в Incapsulation.RationalNumbers.Rational.op_Division(Rational a, Rational b) в D:\прога\ulearn\пис\Incapsulation.RationalNumbers.csproj\Rational.cs:строка 65
   в Incapsulation.RationalNumbers.Rational_should.DivideToZero() в D:\прога\ulearn\пис\Incapsulation.RationalNumbers.csproj\Rational_should.cs:строка 110]]></stack-trace>
            </failure>
          </test-case>
          <test-case id="1023" name="DivideWithNan" fullname="Incapsulation.RationalNumbers.Rational_should.DivideWithNan" methodname="DivideWithNan" classname="Incapsulation.RationalNumbers.Rational_should" runstate="Runnable" seed="1825564648" result="Failed" label="Error" start-time="2021-03-14 07:50:25Z" end-time="2021-03-14 07:50:26Z" duration="0.593757" asserts="0">
            <failure>
              <message><![CDATA[System.ArgumentException : Значение не попадает в ожидаемый диапазон.]]></message>
              <stack-trace><![CDATA[   в Incapsulation.RationalNumbers.Rational.op_Division(Rational a, Rational b) в D:\прога\ulearn\пис\Incapsulation.RationalNumbers.csproj\Rational.cs:строка 65
   в Incapsulation.RationalNumbers.Rational_should.DivideWithNan() в D:\прога\ulearn\пис\Incapsulation.RationalNumbers.csproj\Rational_should.cs:строка 103]]></stack-trace>
            </failure>
          </test-case>
          <test-suite type="ParameterizedMethod" id="1045" name="ExplicitlyConvertToInt" fullname="Incapsulation.RationalNumbers.Rational_should.ExplicitlyConvertToInt" classname="Incapsulation.RationalNumbers.Rational_should" runstate="Runnable" testcasecount="12" result="Passed" start-time="2021-03-14 07:50:26Z" end-time="2021-03-14 07:50:26Z" duration="0.049021" total="12" passed="12" failed="0" warnings="0" inconclusive="0" skipped="0" asserts="12">
            <test-case id="1033" name="ExplicitlyConvertToInt(0,1,0)" fullname="Incapsulation.RationalNumbers.Rational_should.ExplicitlyConvertToInt(0,1,0)" methodname="ExplicitlyConvertToInt" classname="Incapsulation.RationalNumbers.Rational_should" runstate="Runnable" seed="1747081417" result="Passed" start-time="2021-03-14 07:50:26Z" end-time="2021-03-14 07:50:26Z" duration="0.000493" asserts="1" />
            <test-case id="1034" name="ExplicitlyConvertToInt(1,1,1)" fullname="Incapsulation.RationalNumbers.Rational_should.ExplicitlyConvertToInt(1,1,1)" methodname="ExplicitlyConvertToInt" classname="Incapsulation.RationalNumbers.Rational_should" runstate="Runnable" seed="336273364" result="Passed" start-time="2021-03-14 07:50:26Z" end-time="2021-03-14 07:50:26Z" duration="0.000145" asserts="1" />
            <test-case id="1035" name="ExplicitlyConvertToInt(2,1,2)" fullname="Incapsulation.RationalNumbers.Rational_should.ExplicitlyConvertToInt(2,1,2)" methodname="ExplicitlyConvertToInt" classname="Incapsulation.RationalNumbers.Rational_should" runstate="Runnable" seed="191470201" result="Passed" start-time="2021-03-14 07:50:26Z" end-time="2021-03-14 07:50:26Z" duration="0.000072" asserts="1" />
            <test-case id="1036" name="ExplicitlyConvertToInt(3,1,3)" fullname="Incapsulation.RationalNumbers.Rational_should.ExplicitlyConvertToInt(3,1,3)" methodname="ExplicitlyConvertToInt" classname="Incapsulation.RationalNumbers.Rational_should" runstate="Runnable" seed="294818142" result="Passed" start-time="2021-03-14 07:50:26Z" end-time="2021-03-14 07:50:26Z" duration="0.000186" asserts="1" />
            <test-case id="1037" name="ExplicitlyConvertToInt(2,2,1)" fullname="Incapsulation.RationalNumbers.Rational_should.ExplicitlyConvertToInt(2,2,1)" methodname="ExplicitlyConvertToInt" classname="Incapsulation.RationalNumbers.Rational_should" runstate="Runnable" seed="1896911181" result="Passed" start-time="2021-03-14 07:50:26Z" end-time="2021-03-14 07:50:26Z" duration="0.000119" asserts="1" />
            <test-case id="1038" name="ExplicitlyConvertToInt(6,3,2)" fullname="Incapsulation.RationalNumbers.Rational_should.ExplicitlyConvertToInt(6,3,2)" methodname="ExplicitlyConvertToInt" classname="Incapsulation.RationalNumbers.Rational_should" runstate="Runnable" seed="1405416749" result="Passed" start-time="2021-03-14 07:50:26Z" end-time="2021-03-14 07:50:26Z" duration="0.000111" asserts="1" />
            <test-case id="1039" name="ExplicitlyConvertToInt(12,2,6)" fullname="Incapsulation.RationalNumbers.Rational_should.ExplicitlyConvertToInt(12,2,6)" methodname="ExplicitlyConvertToInt" classname="Incapsulation.RationalNumbers.Rational_should" runstate="Runnable" seed="518113953" result="Passed" start-time="2021-03-14 07:50:26Z" end-time="2021-03-14 07:50:26Z" duration="0.000128" asserts="1" />
            <test-case id="1040" name="ExplicitlyConvertToInt(12,3,4)" fullname="Incapsulation.RationalNumbers.Rational_should.ExplicitlyConvertToInt(12,3,4)" methodname="ExplicitlyConvertToInt" classname="Incapsulation.RationalNumbers.Rational_should" runstate="Runnable" seed="1437094494" result="Passed" start-time="2021-03-14 07:50:26Z" end-time="2021-03-14 07:50:26Z" duration="0.000121" asserts="1" />
            <test-case id="1041" name="ExplicitlyConvertToInt(12,4,3)" fullname="Incapsulation.RationalNumbers.Rational_should.ExplicitlyConvertToInt(12,4,3)" methodname="ExplicitlyConvertToInt" classname="Incapsulation.RationalNumbers.Rational_should" runstate="Runnable" seed="342089207" result="Passed" start-time="2021-03-14 07:50:26Z" end-time="2021-03-14 07:50:26Z" duration="0.000070" asserts="1" />
            <test-case id="1042" name="ExplicitlyConvertToInt(12,6,2)" fullname="Incapsulation.RationalNumbers.Rational_should.ExplicitlyConvertToInt(12,6,2)" methodname="ExplicitlyConvertToInt" classname="Incapsulation.RationalNumbers.Rational_should" runstate="Runnable" seed="761365907" result="Passed" start-time="2021-03-14 07:50:26Z" end-time="2021-03-14 07:50:26Z" duration="0.000071" asserts="1" />
            <test-case id="1043" name="ExplicitlyConvertToInt(12,12,1)" fullname="Incapsulation.RationalNumbers.Rational_should.ExplicitlyConvertToInt(12,12,1)" methodname="ExplicitlyConvertToInt" classname="Incapsulation.RationalNumbers.Rational_should" runstate="Runnable" seed="214997304" result="Passed" start-time="2021-03-14 07:50:26Z" end-time="2021-03-14 07:50:26Z" duration="0.000067" asserts="1" />
            <test-case id="1044" name="ExplicitlyConvertToInt(1000,1,1000)" fullname="Incapsulation.RationalNumbers.Rational_should.ExplicitlyConvertToInt(1000,1,1000)" methodname="ExplicitlyConvertToInt" classname="Incapsulation.RationalNumbers.Rational_should" runstate="Runnable" seed="1286286413" result="Passed" start-time="2021-03-14 07:50:26Z" end-time="2021-03-14 07:50:26Z" duration="0.000126" asserts="1" />
          </test-suite>
          <test-suite type="ParameterizedMethod" id="1052" name="ExplicitlyConvertToIntAndFailsIfNonConvertible" fullname="Incapsulation.RationalNumbers.Rational_should.ExplicitlyConvertToIntAndFailsIfNonConvertible" classname="Incapsulation.RationalNumbers.Rational_should" runstate="Runnable" testcasecount="6" result="Passed" start-time="2021-03-14 07:50:26Z" end-time="2021-03-14 07:50:29Z" duration="3.118348" total="6" passed="6" failed="0" warnings="0" inconclusive="0" skipped="0" asserts="6">
            <test-case id="1046" name="ExplicitlyConvertToIntAndFailsIfNonConvertible(1,2)" fullname="Incapsulation.RationalNumbers.Rational_should.ExplicitlyConvertToIntAndFailsIfNonConvertible(1,2)" methodname="ExplicitlyConvertToIntAndFailsIfNonConvertible" classname="Incapsulation.RationalNumbers.Rational_should" runstate="Runnable" seed="1350490715" result="Passed" start-time="2021-03-14 07:50:26Z" end-time="2021-03-14 07:50:26Z" duration="0.778911" asserts="1" />
            <test-case id="1047" name="ExplicitlyConvertToIntAndFailsIfNonConvertible(12,5)" fullname="Incapsulation.RationalNumbers.Rational_should.ExplicitlyConvertToIntAndFailsIfNonConvertible(12,5)" methodname="ExplicitlyConvertToIntAndFailsIfNonConvertible" classname="Incapsulation.RationalNumbers.Rational_should" runstate="Runnable" seed="1217253859" result="Passed" start-time="2021-03-14 07:50:26Z" end-time="2021-03-14 07:50:27Z" duration="0.517937" asserts="1" />
            <test-case id="1048" name="ExplicitlyConvertToIntAndFailsIfNonConvertible(12,10)" fullname="Incapsulation.RationalNumbers.Rational_should.ExplicitlyConvertToIntAndFailsIfNonConvertible(12,10)" methodname="ExplicitlyConvertToIntAndFailsIfNonConvertible" classname="Incapsulation.RationalNumbers.Rational_should" runstate="Runnable" seed="408328329" result="Passed" start-time="2021-03-14 07:50:27Z" end-time="2021-03-14 07:50:27Z" duration="0.487536" asserts="1" />
            <test-case id="1049" name="ExplicitlyConvertToIntAndFailsIfNonConvertible(25,8)" fullname="Incapsulation.RationalNumbers.Rational_should.ExplicitlyConvertToIntAndFailsIfNonConvertible(25,8)" methodname="ExplicitlyConvertToIntAndFailsIfNonConvertible" classname="Incapsulation.RationalNumbers.Rational_should" runstate="Runnable" seed="294320050" result="Passed" start-time="2021-03-14 07:50:27Z" end-time="2021-03-14 07:50:28Z" duration="0.395896" asserts="1" />
            <test-case id="1050" name="ExplicitlyConvertToIntAndFailsIfNonConvertible(2,3)" fullname="Incapsulation.RationalNumbers.Rational_should.ExplicitlyConvertToIntAndFailsIfNonConvertible(2,3)" methodname="ExplicitlyConvertToIntAndFailsIfNonConvertible" classname="Incapsulation.RationalNumbers.Rational_should" runstate="Runnable" seed="539867503" result="Passed" start-time="2021-03-14 07:50:28Z" end-time="2021-03-14 07:50:28Z" duration="0.501252" asserts="1" />
            <test-case id="1051" name="ExplicitlyConvertToIntAndFailsIfNonConvertible(2,4)" fullname="Incapsulation.RationalNumbers.Rational_should.ExplicitlyConvertToIntAndFailsIfNonConvertible(2,4)" methodname="ExplicitlyConvertToIntAndFailsIfNonConvertible" classname="Incapsulation.RationalNumbers.Rational_should" runstate="Runnable" seed="1099344688" result="Passed" start-time="2021-03-14 07:50:28Z" end-time="2021-03-14 07:50:29Z" duration="0.415956" asserts="1" />
          </test-suite>
          <test-suite type="ParameterizedMethod" id="1015" name="InitializeAndReduce1" fullname="Incapsulation.RationalNumbers.Rational_should.InitializeAndReduce1" classname="Incapsulation.RationalNumbers.Rational_should" runstate="Runnable" testcasecount="10" result="Passed" start-time="2021-03-14 07:50:29Z" end-time="2021-03-14 07:50:29Z" duration="0.040007" total="10" passed="10" failed="0" warnings="0" inconclusive="0" skipped="0" asserts="30">
            <test-case id="1005" name="InitializeAndReduce1(1,2,2,4)" fullname="Incapsulation.RationalNumbers.Rational_should.InitializeAndReduce1(1,2,2,4)" methodname="InitializeAndReduce1" classname="Incapsulation.RationalNumbers.Rational_should" runstate="Runnable" seed="1358665098" result="Passed" start-time="2021-03-14 07:50:29Z" end-time="2021-03-14 07:50:29Z" duration="0.000194" asserts="3" />
            <test-case id="1006" name="InitializeAndReduce1(-1,2,-2,4)" fullname="Incapsulation.RationalNumbers.Rational_should.InitializeAndReduce1(-1,2,-2,4)" methodname="InitializeAndReduce1" classname="Incapsulation.RationalNumbers.Rational_should" runstate="Runnable" seed="1262047040" result="Passed" start-time="2021-03-14 07:50:29Z" end-time="2021-03-14 07:50:29Z" duration="0.000093" asserts="3" />
            <test-case id="1007" name="InitializeAndReduce1(-1,2,2,-4)" fullname="Incapsulation.RationalNumbers.Rational_should.InitializeAndReduce1(-1,2,2,-4)" methodname="InitializeAndReduce1" classname="Incapsulation.RationalNumbers.Rational_should" runstate="Runnable" seed="811012755" result="Passed" start-time="2021-03-14 07:50:29Z" end-time="2021-03-14 07:50:29Z" duration="0.000097" asserts="3" />
            <test-case id="1008" name="InitializeAndReduce1(1,2,-2,-4)" fullname="Incapsulation.RationalNumbers.Rational_should.InitializeAndReduce1(1,2,-2,-4)" methodname="InitializeAndReduce1" classname="Incapsulation.RationalNumbers.Rational_should" runstate="Runnable" seed="2094914352" result="Passed" start-time="2021-03-14 07:50:29Z" end-time="2021-03-14 07:50:29Z" duration="0.000089" asserts="3" />
            <test-case id="1009" name="InitializeAndReduce1(1,2,1,2)" fullname="Incapsulation.RationalNumbers.Rational_should.InitializeAndReduce1(1,2,1,2)" methodname="InitializeAndReduce1" classname="Incapsulation.RationalNumbers.Rational_should" runstate="Runnable" seed="14457371" result="Passed" start-time="2021-03-14 07:50:29Z" end-time="2021-03-14 07:50:29Z" duration="0.000089" asserts="3" />
            <test-case id="1010" name="InitializeAndReduce1(1,2,8,16)" fullname="Incapsulation.RationalNumbers.Rational_should.InitializeAndReduce1(1,2,8,16)" methodname="InitializeAndReduce1" classname="Incapsulation.RationalNumbers.Rational_should" runstate="Runnable" seed="524532043" result="Passed" start-time="2021-03-14 07:50:29Z" end-time="2021-03-14 07:50:29Z" duration="0.000117" asserts="3" />
            <test-case id="1011" name="InitializeAndReduce1(2,3,10,15)" fullname="Incapsulation.RationalNumbers.Rational_should.InitializeAndReduce1(2,3,10,15)" methodname="InitializeAndReduce1" classname="Incapsulation.RationalNumbers.Rational_should" runstate="Runnable" seed="839044242" result="Passed" start-time="2021-03-14 07:50:29Z" end-time="2021-03-14 07:50:29Z" duration="0.000126" asserts="3" />
            <test-case id="1012" name="InitializeAndReduce1(4,7,16,28)" fullname="Incapsulation.RationalNumbers.Rational_should.InitializeAndReduce1(4,7,16,28)" methodname="InitializeAndReduce1" classname="Incapsulation.RationalNumbers.Rational_should" runstate="Runnable" seed="1504059767" result="Passed" start-time="2021-03-14 07:50:29Z" end-time="2021-03-14 07:50:29Z" duration="0.000066" asserts="3" />
            <test-case id="1013" name="InitializeAndReduce1(3,256,12,1024)" fullname="Incapsulation.RationalNumbers.Rational_should.InitializeAndReduce1(3,256,12,1024)" methodname="InitializeAndReduce1" classname="Incapsulation.RationalNumbers.Rational_should" runstate="Runnable" seed="1302554975" result="Passed" start-time="2021-03-14 07:50:29Z" end-time="2021-03-14 07:50:29Z" duration="0.000083" asserts="3" />
            <test-case id="1014" name="InitializeAndReduce1(1,1,1,1)" fullname="Incapsulation.RationalNumbers.Rational_should.InitializeAndReduce1(1,1,1,1)" methodname="InitializeAndReduce1" classname="Incapsulation.RationalNumbers.Rational_should" runstate="Runnable" seed="1783480783" result="Passed" start-time="2021-03-14 07:50:29Z" end-time="2021-03-14 07:50:29Z" duration="0.000152" asserts="3" />
          </test-suite>
          <test-case id="1001" name="InitializeSimpleRatioCorrectly" fullname="Incapsulation.RationalNumbers.Rational_should.InitializeSimpleRatioCorrectly" methodname="InitializeSimpleRatioCorrectly" classname="Incapsulation.RationalNumbers.Rational_should" runstate="Runnable" seed="790501145" result="Passed" start-time="2021-03-14 07:50:29Z" end-time="2021-03-14 07:50:29Z" duration="0.000209" asserts="3" />
          <test-case id="1002" name="InitializeWithoutDenominator" fullname="Incapsulation.RationalNumbers.Rational_should.InitializeWithoutDenominator" methodname="InitializeWithoutDenominator" classname="Incapsulation.RationalNumbers.Rational_should" runstate="Runnable" seed="975952520" result="Passed" start-time="2021-03-14 07:50:29Z" end-time="2021-03-14 07:50:29Z" duration="0.000143" asserts="3" />
          <test-case id="1003" name="InitializeWithZeroDenominator" fullname="Incapsulation.RationalNumbers.Rational_should.InitializeWithZeroDenominator" methodname="InitializeWithZeroDenominator" classname="Incapsulation.RationalNumbers.Rational_should" runstate="Runnable" seed="156951717" result="Passed" start-time="2021-03-14 07:50:29Z" end-time="2021-03-14 07:50:29Z" duration="0.000843" asserts="1" />
          <test-case id="1020" name="Multiply" fullname="Incapsulation.RationalNumbers.Rational_should.Multiply" methodname="Multiply" classname="Incapsulation.RationalNumbers.Rational_should" runstate="Runnable" seed="2103821646" result="Passed" start-time="2021-03-14 07:50:29Z" end-time="2021-03-14 07:50:29Z" duration="0.000394" asserts="3" />
          <test-case id="1021" name="MultiplyWithNan" fullname="Incapsulation.RationalNumbers.Rational_should.MultiplyWithNan" methodname="MultiplyWithNan" classname="Incapsulation.RationalNumbers.Rational_should" runstate="Runnable" seed="2141905577" result="Failed" label="Error" start-time="2021-03-14 07:50:29Z" end-time="2021-03-14 07:50:29Z" duration="0.340212" asserts="0">
            <failure>
              <message><![CDATA[System.ArgumentException : Значение не попадает в ожидаемый диапазон.]]></message>
              <stack-trace><![CDATA[   в Incapsulation.RationalNumbers.Rational.op_Multiply(Rational a, Rational b) в D:\прога\ulearn\пис\Incapsulation.RationalNumbers.csproj\Rational.cs:строка 57
   в Incapsulation.RationalNumbers.Rational_should.MultiplyWithNan() в D:\прога\ulearn\пис\Incapsulation.RationalNumbers.csproj\Rational_should.cs:строка 90]]></stack-trace>
            </failure>
          </test-case>
          <test-case id="1018" name="Subtract" fullname="Incapsulation.RationalNumbers.Rational_should.Subtract" methodname="Subtract" classname="Incapsulation.RationalNumbers.Rational_should" runstate="Runnable" seed="990698290" result="Passed" start-time="2021-03-14 07:50:29Z" end-time="2021-03-14 07:50:29Z" duration="0.000502" asserts="3" />
          <test-case id="1019" name="SubtractWithNan" fullname="Incapsulation.RationalNumbers.Rational_should.SubtractWithNan" methodname="SubtractWithNan" classname="Incapsulation.RationalNumbers.Rational_should" runstate="Runnable" seed="243028559" result="Failed" label="Error" start-time="2021-03-14 07:50:29Z" end-time="2021-03-14 07:50:30Z" duration="0.820990" asserts="0">
            <failure>
              <message><![CDATA[System.ArgumentException : Значение не попадает в ожидаемый диапазон.]]></message>
              <stack-trace><![CDATA[   в Incapsulation.RationalNumbers.Rational.op_Subtraction(Rational a, Rational b) в D:\прога\ulearn\пис\Incapsulation.RationalNumbers.csproj\Rational.cs:строка 49
   в Incapsulation.RationalNumbers.Rational_should.SubtractWithNan() в D:\прога\ulearn\пис\Incapsulation.RationalNumbers.csproj\Rational_should.cs:строка 77]]></stack-trace>
            </failure>
          </test-case>
          <test-case id="1016" name="Sum" fullname="Incapsulation.RationalNumbers.Rational_should.Sum" methodname="Sum" classname="Incapsulation.RationalNumbers.Rational_should" runstate="Runnable" seed="1900952941" result="Passed" start-time="2021-03-14 07:50:30Z" end-time="2021-03-14 07:50:30Z" duration="0.000584" asserts="3" />
          <test-case id="1017" name="SumWithNan" fullname="Incapsulation.RationalNumbers.Rational_should.SumWithNan" methodname="SumWithNan" classname="Incapsulation.RationalNumbers.Rational_should" runstate="Runnable" seed="142998384" result="Failed" label="Error" start-time="2021-03-14 07:50:30Z" end-time="2021-03-14 07:50:31Z" duration="0.915508" asserts="0">
            <failure>
              <message><![CDATA[System.ArgumentException : Значение не попадает в ожидаемый диапазон.]]></message>
              <stack-trace><![CDATA[   в Incapsulation.RationalNumbers.Rational.op_Addition(Rational a, Rational b) в D:\прога\ulearn\пис\Incapsulation.RationalNumbers.csproj\Rational.cs:строка 41
   в Incapsulation.RationalNumbers.Rational_should.SumWithNan() в D:\прога\ulearn\пис\Incapsulation.RationalNumbers.csproj\Rational_should.cs:строка 64]]></stack-trace>
            </failure>
          </test-case>
        </test-suite>
      </test-suite>
    </test-suite>
  </test-suite>
</test-run>