<?xml version="1.0" encoding="utf-8"?>
<test-run id="2" name="Delegates.Reports.exe" fullname="D:/Учеба/DesignOfInformationSystems/Delegates.Reports.csproj/bin/Debug/Delegates.Reports.exe" testcasecount="4" result="Failed" start-time="2021-04-25 18:30:19Z" end-time="2021-04-25 18:30:19Z" duration="0.237843" total="4" passed="0" failed="4" inconclusive="0" skipped="0" asserts="2" random-seed="1253312006">
  <command-line><![CDATA["D:\Учеба\DesignOfInformationSystems\Delegates.Reports.csproj\bin\Debug\Delegates.Reports.exe"   ]]></command-line>
  <filter />
  <test-suite type="Assembly" id="1005" name="Delegates.Reports.exe" fullname="D:/Учеба/DesignOfInformationSystems/Delegates.Reports.csproj/bin/Debug/Delegates.Reports.exe" runstate="Runnable" testcasecount="4" result="Failed" site="Child" start-time="2021-04-25 18:30:19Z" end-time="2021-04-25 18:30:19Z" duration="0.237843" total="4" passed="0" failed="4" warnings="0" inconclusive="0" skipped="0" asserts="2">
    <environment framework-version="3.6.0.0" clr-version="4.0.30319.42000" os-version="Microsoft Windows NT 6.2.9200.0" platform="Win32NT" cwd="D:\Учеба\DesignOfInformationSystems\Delegates.Reports.csproj\bin\Debug" machine-name="DESKTOP-U60P5L1" user="user" user-domain="DESKTOP-U60P5L1" culture="ru-RU" uiculture="ru-RU" os-architecture="x86" />
    <settings>
      <setting name="WorkDirectory" value="D:\Учеба\DesignOfInformationSystems\Delegates.Reports.csproj\bin\Debug" />
      <setting name="NumberOfTestWorkers" value="12" />
    </settings>
    <properties>
      <property name="_PID" value="24152" />
      <property name="_APPDOMAIN" value="Delegates.Reports.exe" />
    </properties>
    <failure>
      <message><![CDATA[One or more child tests had errors]]></message>
    </failure>
    <test-suite type="TestSuite" id="1006" name="Delegates" fullname="Delegates" runstate="Runnable" testcasecount="4" result="Failed" site="Child" start-time="2021-04-25 18:30:19Z" end-time="2021-04-25 18:30:19Z" duration="0.205977" total="4" passed="0" failed="4" warnings="0" inconclusive="0" skipped="0" asserts="2">
      <failure>
        <message><![CDATA[One or more child tests had errors]]></message>
      </failure>
      <test-suite type="TestSuite" id="1007" name="Reports" fullname="Delegates.Reports" runstate="Runnable" testcasecount="4" result="Failed" site="Child" start-time="2021-04-25 18:30:19Z" end-time="2021-04-25 18:30:19Z" duration="0.174430" total="4" passed="0" failed="4" warnings="0" inconclusive="0" skipped="0" asserts="2">
        <failure>
          <message><![CDATA[One or more child tests had errors]]></message>
        </failure>
        <test-suite type="TestFixture" id="1000" name="ReportMaker_should" fullname="Delegates.Reports.ReportMaker_should" classname="Delegates.Reports.ReportMaker_should" runstate="Runnable" testcasecount="4" result="Failed" site="Child" start-time="2021-04-25 18:30:19Z" end-time="2021-04-25 18:30:19Z" duration="0.142832" total="4" passed="0" failed="4" warnings="0" inconclusive="0" skipped="0" asserts="2">
          <failure>
            <message><![CDATA[One or more child tests had errors]]></message>
          </failure>
          <test-case id="1001" name="MeanAndStdHtml" fullname="Delegates.Reports.ReportMaker_should.MeanAndStdHtml" methodname="MeanAndStdHtml" classname="Delegates.Reports.ReportMaker_should" runstate="Runnable" seed="1461703519" result="Failed" start-time="2021-04-25 18:30:19Z" end-time="2021-04-25 18:30:19Z" duration="0.029291" asserts="1">
            <failure>
              <message><![CDATA[  Expected string length 112 but was 297. Strings differ at index 0.
  Expected: "<h1>Mean and Std</h1><ul><li><b>Temperature</b>: 9±17.0880074..."
  But was:  "System.Func`1[System.String]System.Func`1[System.String]<li><..."
  -----------^
]]></message>
              <stack-trace><![CDATA[в Delegates.Reports.ReportMaker_should.MeanAndStdHtml() в D:\Учеба\DesignOfInformationSystems\Delegates.Reports.csproj\ReportMaker_should.cs:строка 37
]]></stack-trace>
            </failure>
            <assertions>
              <assertion result="Failed">
                <message><![CDATA[  Expected string length 112 but was 297. Strings differ at index 0.
  Expected: "<h1>Mean and Std</h1><ul><li><b>Temperature</b>: 9±17.0880074..."
  But was:  "System.Func`1[System.String]System.Func`1[System.String]<li><..."
  -----------^
]]></message>
                <stack-trace><![CDATA[в Delegates.Reports.ReportMaker_should.MeanAndStdHtml() в D:\Учеба\DesignOfInformationSystems\Delegates.Reports.csproj\ReportMaker_should.cs:строка 37
]]></stack-trace>
              </assertion>
            </assertions>
          </test-case>
          <test-case id="1003" name="MeanAndStdMarkdown" fullname="Delegates.Reports.ReportMaker_should.MeanAndStdMarkdown" methodname="MeanAndStdMarkdown" classname="Delegates.Reports.ReportMaker_should" runstate="Runnable" seed="2039537427" result="Failed" label="Error" start-time="2021-04-25 18:30:19Z" end-time="2021-04-25 18:30:19Z" duration="0.001780" asserts="0">
            <properties>
              <property name="Description" value="Новый тест, который нужно сделать рабочим после рефакторинга" />
            </properties>
            <failure>
              <message><![CDATA[System.NotImplementedException : Метод или операция не реализована.]]></message>
              <stack-trace><![CDATA[   в Delegates.Reports.ReportMakerHelper.MeanAndStdMarkdownReport(IEnumerable`1 measurements) в D:\Учеба\DesignOfInformationSystems\Delegates.Reports.csproj\ReportMaker.cs:строка 98
   в Delegates.Reports.ReportMaker_should.MeanAndStdMarkdown() в D:\Учеба\DesignOfInformationSystems\Delegates.Reports.csproj\ReportMaker_should.cs:строка 52]]></stack-trace>
            </failure>
          </test-case>
          <test-case id="1004" name="MedianHtml" fullname="Delegates.Reports.ReportMaker_should.MedianHtml" methodname="MedianHtml" classname="Delegates.Reports.ReportMaker_should" runstate="Runnable" seed="488283682" result="Failed" label="Error" start-time="2021-04-25 18:30:19Z" end-time="2021-04-25 18:30:19Z" duration="0.000553" asserts="0">
            <properties>
              <property name="Description" value="Новый тест, который нужно сделать рабочим после рефакторинга" />
            </properties>
            <failure>
              <message><![CDATA[System.NotImplementedException : Метод или операция не реализована.]]></message>
              <stack-trace><![CDATA[   в Delegates.Reports.ReportMakerHelper.MedianHtmlReport(IEnumerable`1 measurements) в D:\Учеба\DesignOfInformationSystems\Delegates.Reports.csproj\ReportMaker.cs:строка 103
   в Delegates.Reports.ReportMaker_should.MedianHtml() в D:\Учеба\DesignOfInformationSystems\Delegates.Reports.csproj\ReportMaker_should.cs:строка 60]]></stack-trace>
            </failure>
          </test-case>
          <test-case id="1002" name="MedianMarkdown" fullname="Delegates.Reports.ReportMaker_should.MedianMarkdown" methodname="MedianMarkdown" classname="Delegates.Reports.ReportMaker_should" runstate="Runnable" seed="1019262196" result="Failed" start-time="2021-04-25 18:30:19Z" end-time="2021-04-25 18:30:19Z" duration="0.001344" asserts="1">
            <failure>
              <message><![CDATA[  Expected string length 54 but was 265. Strings differ at index 0.
  Expected: "## Median\n\n * **Temperature**: 8\n\n * **Humidity**: 2\n\n"
  But was:  "System.Func`1[System.String]System.Func`1[System.String] * **..."
  -----------^
]]></message>
              <stack-trace><![CDATA[в Delegates.Reports.ReportMaker_should.MedianMarkdown() в D:\Учеба\DesignOfInformationSystems\Delegates.Reports.csproj\ReportMaker_should.cs:строка 45
]]></stack-trace>
            </failure>
            <assertions>
              <assertion result="Failed">
                <message><![CDATA[  Expected string length 54 but was 265. Strings differ at index 0.
  Expected: "## Median\n\n * **Temperature**: 8\n\n * **Humidity**: 2\n\n"
  But was:  "System.Func`1[System.String]System.Func`1[System.String] * **..."
  -----------^
]]></message>
                <stack-trace><![CDATA[в Delegates.Reports.ReportMaker_should.MedianMarkdown() в D:\Учеба\DesignOfInformationSystems\Delegates.Reports.csproj\ReportMaker_should.cs:строка 45
]]></stack-trace>
              </assertion>
            </assertions>
          </test-case>
        </test-suite>
      </test-suite>
    </test-suite>
  </test-suite>
</test-run>