<?xml version="1.0" encoding="utf-8"?>
<test-run id="2" name="Reflection.Differentiation.exe" fullname="D:/Учеба/DesignOfInformationSystems/Reflection.Differentiation.csproj/bin/Debug/Reflection.Differentiation.exe" testcasecount="13" result="Failed" start-time="2021-06-15 13:28:37Z" end-time="2021-06-15 13:28:38Z" duration="0.887954" total="13" passed="6" failed="7" inconclusive="0" skipped="0" asserts="265" random-seed="1514279116">
  <command-line><![CDATA[D:\Учеба\DesignOfInformationSystems\Reflection.Differentiation.csproj\bin\Debug\Reflection.Differentiation.exe]]></command-line>
  <filter />
  <test-suite type="Assembly" id="1014" name="Reflection.Differentiation.exe" fullname="D:/Учеба/DesignOfInformationSystems/Reflection.Differentiation.csproj/bin/Debug/Reflection.Differentiation.exe" runstate="Runnable" testcasecount="13" result="Failed" site="Child" start-time="2021-06-15 13:28:37Z" end-time="2021-06-15 13:28:38Z" duration="0.887954" total="13" passed="6" failed="7" warnings="0" inconclusive="0" skipped="0" asserts="265">
    <environment framework-version="3.6.0.0" clr-version="4.0.30319.42000" os-version="Microsoft Windows NT 6.2.9200.0" platform="Win32NT" cwd="D:\Учеба\DesignOfInformationSystems\Reflection.Differentiation.csproj\bin\Debug" machine-name="DESKTOP-U60P5L1" user="user" user-domain="DESKTOP-U60P5L1" culture="ru-RU" uiculture="ru-RU" os-architecture="x86" />
    <settings>
      <setting name="WorkDirectory" value="D:\Учеба\DesignOfInformationSystems\Reflection.Differentiation.csproj\bin\Debug" />
      <setting name="NumberOfTestWorkers" value="12" />
    </settings>
    <properties>
      <property name="_PID" value="28708" />
      <property name="_APPDOMAIN" value="Reflection.Differentiation.exe" />
    </properties>
    <failure>
      <message><![CDATA[One or more child tests had errors]]></message>
    </failure>
    <test-suite type="TestSuite" id="1015" name="Reflection" fullname="Reflection" runstate="Runnable" testcasecount="13" result="Failed" site="Child" start-time="2021-06-15 13:28:37Z" end-time="2021-06-15 13:28:38Z" duration="0.857506" total="13" passed="6" failed="7" warnings="0" inconclusive="0" skipped="0" asserts="265">
      <failure>
        <message><![CDATA[One or more child tests had errors]]></message>
      </failure>
      <test-suite type="TestSuite" id="1016" name="Differentiation" fullname="Reflection.Differentiation" runstate="Runnable" testcasecount="13" result="Failed" site="Child" start-time="2021-06-15 13:28:37Z" end-time="2021-06-15 13:28:38Z" duration="0.826543" total="13" passed="6" failed="7" warnings="0" inconclusive="0" skipped="0" asserts="265">
        <failure>
          <message><![CDATA[One or more child tests had errors]]></message>
        </failure>
        <test-suite type="TestFixture" id="1000" name="Algebra_should" fullname="Reflection.Differentiation.Algebra_should" classname="Reflection.Differentiation.Algebra_should" runstate="Runnable" testcasecount="13" result="Failed" site="Child" start-time="2021-06-15 13:28:37Z" end-time="2021-06-15 13:28:38Z" duration="0.796147" total="13" passed="6" failed="7" warnings="0" inconclusive="0" skipped="0" asserts="265">
          <failure>
            <message><![CDATA[One or more child tests had errors]]></message>
          </failure>
          <test-case id="1011" name="DifferentiateComplexExpression" fullname="Reflection.Differentiation.Algebra_should.DifferentiateComplexExpression" methodname="DifferentiateComplexExpression" classname="Reflection.Differentiation.Algebra_should" runstate="Runnable" seed="1979524671" result="Failed" start-time="2021-06-15 13:28:37Z" end-time="2021-06-15 13:28:38Z" duration="0.333321" asserts="1">
            <failure>
              <message><![CDATA[  Error on function ((Cos(((2 * z) + z)) + (2 * Sin(((3 * z) + z)))) + ((Sin((z + 1)) * Cos((z + 2))) * 3))
  Expected: 5.0300220211241253d +/- 1.0000000000000001E-05d
  But was:  1.6310048790424581d
]]></message>
              <stack-trace><![CDATA[в Reflection.Differentiation.Algebra_should.AssertDerivativeEqualToNumericDerivative(Expression`1 function) в D:\Учеба\DesignOfInformationSystems\Reflection.Differentiation.csproj\Algebra_should.cs:строка 18
в Reflection.Differentiation.Algebra_should.DifferentiateComplexExpression() в D:\Учеба\DesignOfInformationSystems\Reflection.Differentiation.csproj\Algebra_should.cs:строка 85
]]></stack-trace>
            </failure>
            <assertions>
              <assertion result="Failed">
                <message><![CDATA[  Error on function ((Cos(((2 * z) + z)) + (2 * Sin(((3 * z) + z)))) + ((Sin((z + 1)) * Cos((z + 2))) * 3))
  Expected: 5.0300220211241253d +/- 1.0000000000000001E-05d
  But was:  1.6310048790424581d
]]></message>
                <stack-trace><![CDATA[в Reflection.Differentiation.Algebra_should.AssertDerivativeEqualToNumericDerivative(Expression`1 function) в D:\Учеба\DesignOfInformationSystems\Reflection.Differentiation.csproj\Algebra_should.cs:строка 18
в Reflection.Differentiation.Algebra_should.DifferentiateComplexExpression() в D:\Учеба\DesignOfInformationSystems\Reflection.Differentiation.csproj\Algebra_should.cs:строка 85
]]></stack-trace>
              </assertion>
            </assertions>
          </test-case>
          <test-case id="1001" name="DifferentiateConstant" fullname="Reflection.Differentiation.Algebra_should.DifferentiateConstant" methodname="DifferentiateConstant" classname="Reflection.Differentiation.Algebra_should" runstate="Runnable" seed="703596689" result="Passed" start-time="2021-06-15 13:28:38Z" end-time="2021-06-15 13:28:38Z" duration="0.000967" asserts="51" />
          <test-case id="1009" name="DifferentiateCos1" fullname="Reflection.Differentiation.Algebra_should.DifferentiateCos1" methodname="DifferentiateCos1" classname="Reflection.Differentiation.Algebra_should" runstate="Runnable" seed="476888087" result="Passed" start-time="2021-06-15 13:28:38Z" end-time="2021-06-15 13:28:38Z" duration="0.001346" asserts="51" />
          <test-case id="1010" name="DifferentiateCos2" fullname="Reflection.Differentiation.Algebra_should.DifferentiateCos2" methodname="DifferentiateCos2" classname="Reflection.Differentiation.Algebra_should" runstate="Runnable" seed="1139362634" result="Failed" start-time="2021-06-15 13:28:38Z" end-time="2021-06-15 13:28:38Z" duration="0.018036" asserts="2">
            <failure>
              <message><![CDATA[  Error on function Cos(((z * z) + z))
  Expected: -0.13173404367350372d +/- 1.0000000000000001E-05d
  But was:  -0.32933490251152447d
]]></message>
              <stack-trace><![CDATA[в Reflection.Differentiation.Algebra_should.AssertDerivativeEqualToNumericDerivative(Expression`1 function) в D:\Учеба\DesignOfInformationSystems\Reflection.Differentiation.csproj\Algebra_should.cs:строка 18
в Reflection.Differentiation.Algebra_should.DifferentiateCos2() в D:\Учеба\DesignOfInformationSystems\Reflection.Differentiation.csproj\Algebra_should.cs:строка 79
]]></stack-trace>
            </failure>
            <assertions>
              <assertion result="Failed">
                <message><![CDATA[  Error on function Cos(((z * z) + z))
  Expected: -0.13173404367350372d +/- 1.0000000000000001E-05d
  But was:  -0.32933490251152447d
]]></message>
                <stack-trace><![CDATA[в Reflection.Differentiation.Algebra_should.AssertDerivativeEqualToNumericDerivative(Expression`1 function) в D:\Учеба\DesignOfInformationSystems\Reflection.Differentiation.csproj\Algebra_should.cs:строка 18
в Reflection.Differentiation.Algebra_should.DifferentiateCos2() в D:\Учеба\DesignOfInformationSystems\Reflection.Differentiation.csproj\Algebra_should.cs:строка 79
]]></stack-trace>
              </assertion>
            </assertions>
          </test-case>
          <test-case id="1003" name="DifferentiateLinearFunction" fullname="Reflection.Differentiation.Algebra_should.DifferentiateLinearFunction" methodname="DifferentiateLinearFunction" classname="Reflection.Differentiation.Algebra_should" runstate="Runnable" seed="1291209203" result="Failed" start-time="2021-06-15 13:28:38Z" end-time="2021-06-15 13:28:38Z" duration="0.008601" asserts="1">
            <failure>
              <message><![CDATA[  Error on function (z * 5)
  Expected: 5.0d +/- 1.0000000000000001E-05d
  But was:  1.0d
]]></message>
              <stack-trace><![CDATA[в Reflection.Differentiation.Algebra_should.AssertDerivativeEqualToNumericDerivative(Expression`1 function) в D:\Учеба\DesignOfInformationSystems\Reflection.Differentiation.csproj\Algebra_should.cs:строка 18
в Reflection.Differentiation.Algebra_should.DifferentiateLinearFunction() в D:\Учеба\DesignOfInformationSystems\Reflection.Differentiation.csproj\Algebra_should.cs:строка 37
]]></stack-trace>
            </failure>
            <assertions>
              <assertion result="Failed">
                <message><![CDATA[  Error on function (z * 5)
  Expected: 5.0d +/- 1.0000000000000001E-05d
  But was:  1.0d
]]></message>
                <stack-trace><![CDATA[в Reflection.Differentiation.Algebra_should.AssertDerivativeEqualToNumericDerivative(Expression`1 function) в D:\Учеба\DesignOfInformationSystems\Reflection.Differentiation.csproj\Algebra_should.cs:строка 18
в Reflection.Differentiation.Algebra_should.DifferentiateLinearFunction() в D:\Учеба\DesignOfInformationSystems\Reflection.Differentiation.csproj\Algebra_should.cs:строка 37
]]></stack-trace>
              </assertion>
            </assertions>
          </test-case>
          <test-case id="1002" name="DifferentiateParameter" fullname="Reflection.Differentiation.Algebra_should.DifferentiateParameter" methodname="DifferentiateParameter" classname="Reflection.Differentiation.Algebra_should" runstate="Runnable" seed="1469020445" result="Passed" start-time="2021-06-15 13:28:38Z" end-time="2021-06-15 13:28:38Z" duration="0.000768" asserts="51" />
          <test-case id="1004" name="DifferentiateQuadraticFunction" fullname="Reflection.Differentiation.Algebra_should.DifferentiateQuadraticFunction" methodname="DifferentiateQuadraticFunction" classname="Reflection.Differentiation.Algebra_should" runstate="Runnable" seed="1094255586" result="Failed" start-time="2021-06-15 13:28:38Z" end-time="2021-06-15 13:28:38Z" duration="0.011927" asserts="1">
            <failure>
              <message><![CDATA[  Error on function ((z * 5) * z)
  Expected: 4.9999999999999998E-07d +/- 1.0000000000000001E-05d
  But was:  2.0d
]]></message>
              <stack-trace><![CDATA[в Reflection.Differentiation.Algebra_should.AssertDerivativeEqualToNumericDerivative(Expression`1 function) в D:\Учеба\DesignOfInformationSystems\Reflection.Differentiation.csproj\Algebra_should.cs:строка 18
в Reflection.Differentiation.Algebra_should.DifferentiateQuadraticFunction() в D:\Учеба\DesignOfInformationSystems\Reflection.Differentiation.csproj\Algebra_should.cs:строка 43
]]></stack-trace>
            </failure>
            <assertions>
              <assertion result="Failed">
                <message><![CDATA[  Error on function ((z * 5) * z)
  Expected: 4.9999999999999998E-07d +/- 1.0000000000000001E-05d
  But was:  2.0d
]]></message>
                <stack-trace><![CDATA[в Reflection.Differentiation.Algebra_should.AssertDerivativeEqualToNumericDerivative(Expression`1 function) в D:\Учеба\DesignOfInformationSystems\Reflection.Differentiation.csproj\Algebra_should.cs:строка 18
в Reflection.Differentiation.Algebra_should.DifferentiateQuadraticFunction() в D:\Учеба\DesignOfInformationSystems\Reflection.Differentiation.csproj\Algebra_should.cs:строка 43
]]></stack-trace>
              </assertion>
            </assertions>
          </test-case>
          <test-case id="1007" name="DifferentiateSin1" fullname="Reflection.Differentiation.Algebra_should.DifferentiateSin1" methodname="DifferentiateSin1" classname="Reflection.Differentiation.Algebra_should" runstate="Runnable" seed="2056027357" result="Passed" start-time="2021-06-15 13:28:38Z" end-time="2021-06-15 13:28:38Z" duration="0.001328" asserts="51" />
          <test-case id="1008" name="DifferentiateSin2" fullname="Reflection.Differentiation.Algebra_should.DifferentiateSin2" methodname="DifferentiateSin2" classname="Reflection.Differentiation.Algebra_should" runstate="Runnable" seed="1311547259" result="Failed" start-time="2021-06-15 13:28:38Z" end-time="2021-06-15 13:28:38Z" duration="0.006512" asserts="1">
            <failure>
              <message><![CDATA[  Error on function Sin(((z * z) + z))
  Expected: 1.0000000999999983d +/- 1.0000000000000001E-05d
  But was:  3.0d
]]></message>
              <stack-trace><![CDATA[в Reflection.Differentiation.Algebra_should.AssertDerivativeEqualToNumericDerivative(Expression`1 function) в D:\Учеба\DesignOfInformationSystems\Reflection.Differentiation.csproj\Algebra_should.cs:строка 18
в Reflection.Differentiation.Algebra_should.DifferentiateSin2() в D:\Учеба\DesignOfInformationSystems\Reflection.Differentiation.csproj\Algebra_should.cs:строка 67
]]></stack-trace>
            </failure>
            <assertions>
              <assertion result="Failed">
                <message><![CDATA[  Error on function Sin(((z * z) + z))
  Expected: 1.0000000999999983d +/- 1.0000000000000001E-05d
  But was:  3.0d
]]></message>
                <stack-trace><![CDATA[в Reflection.Differentiation.Algebra_should.AssertDerivativeEqualToNumericDerivative(Expression`1 function) в D:\Учеба\DesignOfInformationSystems\Reflection.Differentiation.csproj\Algebra_should.cs:строка 18
в Reflection.Differentiation.Algebra_should.DifferentiateSin2() в D:\Учеба\DesignOfInformationSystems\Reflection.Differentiation.csproj\Algebra_should.cs:строка 67
]]></stack-trace>
              </assertion>
            </assertions>
          </test-case>
          <test-case id="1005" name="DifferentiateSum" fullname="Reflection.Differentiation.Algebra_should.DifferentiateSum" methodname="DifferentiateSum" classname="Reflection.Differentiation.Algebra_should" runstate="Runnable" seed="1210225496" result="Passed" start-time="2021-06-15 13:28:38Z" end-time="2021-06-15 13:28:38Z" duration="0.000773" asserts="51" />
          <test-case id="1006" name="DifferentiateSumAndProduct" fullname="Reflection.Differentiation.Algebra_should.DifferentiateSumAndProduct" methodname="DifferentiateSumAndProduct" classname="Reflection.Differentiation.Algebra_should" runstate="Runnable" seed="899762426" result="Failed" start-time="2021-06-15 13:28:38Z" end-time="2021-06-15 13:28:38Z" duration="0.008689" asserts="1">
            <failure>
              <message><![CDATA[  Error on function ((5 * z) + (z * z))
  Expected: 5.0000001000000003d +/- 1.0000000000000001E-05d
  But was:  3.0d
]]></message>
              <stack-trace><![CDATA[в Reflection.Differentiation.Algebra_should.AssertDerivativeEqualToNumericDerivative(Expression`1 function) в D:\Учеба\DesignOfInformationSystems\Reflection.Differentiation.csproj\Algebra_should.cs:строка 18
в Reflection.Differentiation.Algebra_should.DifferentiateSumAndProduct() в D:\Учеба\DesignOfInformationSystems\Reflection.Differentiation.csproj\Algebra_should.cs:строка 55
]]></stack-trace>
            </failure>
            <assertions>
              <assertion result="Failed">
                <message><![CDATA[  Error on function ((5 * z) + (z * z))
  Expected: 5.0000001000000003d +/- 1.0000000000000001E-05d
  But was:  3.0d
]]></message>
                <stack-trace><![CDATA[в Reflection.Differentiation.Algebra_should.AssertDerivativeEqualToNumericDerivative(Expression`1 function) в D:\Учеба\DesignOfInformationSystems\Reflection.Differentiation.csproj\Algebra_should.cs:строка 18
в Reflection.Differentiation.Algebra_should.DifferentiateSumAndProduct() в D:\Учеба\DesignOfInformationSystems\Reflection.Differentiation.csproj\Algebra_should.cs:строка 55
]]></stack-trace>
              </assertion>
            </assertions>
          </test-case>
          <test-case id="1012" name="InformativeMessage_OnNotSupportedSyntax" fullname="Reflection.Differentiation.Algebra_should.InformativeMessage_OnNotSupportedSyntax" methodname="InformativeMessage_OnNotSupportedSyntax" classname="Reflection.Differentiation.Algebra_should" runstate="Runnable" seed="13558138" result="Passed" start-time="2021-06-15 13:28:38Z" end-time="2021-06-15 13:28:38Z" duration="0.035273" asserts="2" />
          <test-case id="1013" name="InformativeMessage_OnUnknownFunction" fullname="Reflection.Differentiation.Algebra_should.InformativeMessage_OnUnknownFunction" methodname="InformativeMessage_OnUnknownFunction" classname="Reflection.Differentiation.Algebra_should" runstate="Runnable" seed="472015548" result="Failed" start-time="2021-06-15 13:28:38Z" end-time="2021-06-15 13:28:38Z" duration="0.016549" asserts="1">
            <failure>
              <message><![CDATA[  Expected: <System.ArgumentException>
  But was:  <System.ArgumentNullException: Значение не может быть неопределенным.
Имя параметра: body
   в System.Linq.Expressions.Expression.RequiresCanRead(Expression expression, String paramName)
   в System.Linq.Expressions.Expression.ValidateLambdaArgs(Type delegateType, Expression& body, ReadOnlyCollection`1 parameters)
   в System.Linq.Expressions.Expression.Lambda[TDelegate](Expression body, String name, Boolean tailCall, IEnumerable`1 parameters)
   в System.Linq.Expressions.Expression.Lambda[TDelegate](Expression body, IEnumerable`1 parameters)
   в Reflection.Differentiation.Algebra.Differentiate(Expression`1 func) в D:\Учеба\DesignOfInformationSystems\Reflection.Differentiation.csproj\Algebra.cs:строка 14
   в Reflection.Differentiation.Algebra_should.<>c.<InformativeMessage_OnUnknownFunction>b__13_0() в D:\Учеба\DesignOfInformationSystems\Reflection.Differentiation.csproj\Algebra_should.cs:строка 98
   в NUnit.Framework.Assert.Throws(IResolveConstraint expression, TestDelegate code, String message, Object[] args)>
]]></message>
              <stack-trace><![CDATA[в Reflection.Differentiation.Algebra_should.InformativeMessage_OnUnknownFunction() в D:\Учеба\DesignOfInformationSystems\Reflection.Differentiation.csproj\Algebra_should.cs:строка 98
]]></stack-trace>
            </failure>
            <assertions>
              <assertion result="Failed">
                <message><![CDATA[  Expected: <System.ArgumentException>
  But was:  <System.ArgumentNullException: Значение не может быть неопределенным.
Имя параметра: body
   в System.Linq.Expressions.Expression.RequiresCanRead(Expression expression, String paramName)
   в System.Linq.Expressions.Expression.ValidateLambdaArgs(Type delegateType, Expression& body, ReadOnlyCollection`1 parameters)
   в System.Linq.Expressions.Expression.Lambda[TDelegate](Expression body, String name, Boolean tailCall, IEnumerable`1 parameters)
   в System.Linq.Expressions.Expression.Lambda[TDelegate](Expression body, IEnumerable`1 parameters)
   в Reflection.Differentiation.Algebra.Differentiate(Expression`1 func) в D:\Учеба\DesignOfInformationSystems\Reflection.Differentiation.csproj\Algebra.cs:строка 14
   в Reflection.Differentiation.Algebra_should.<>c.<InformativeMessage_OnUnknownFunction>b__13_0() в D:\Учеба\DesignOfInformationSystems\Reflection.Differentiation.csproj\Algebra_should.cs:строка 98
   в NUnit.Framework.Assert.Throws(IResolveConstraint expression, TestDelegate code, String message, Object[] args)>
]]></message>
                <stack-trace><![CDATA[в Reflection.Differentiation.Algebra_should.InformativeMessage_OnUnknownFunction() в D:\Учеба\DesignOfInformationSystems\Reflection.Differentiation.csproj\Algebra_should.cs:строка 98
]]></stack-trace>
              </assertion>
            </assertions>
          </test-case>
        </test-suite>
      </test-suite>
    </test-suite>
  </test-suite>
</test-run>